[debug] [2017-12-27T22:17:51.804Z] ----------------------------------------------------------------------
[debug] [2017-12-27T22:17:51.804Z] Command:       C:\Program Files\nodejs\node.exe C:\Users\Darleen\AppData\Roaming\npm\node_modules\firebase-tools\bin\firebase init functions
[debug] [2017-12-27T22:17:51.804Z] CLI Version:   3.16.0
[debug] [2017-12-27T22:17:51.804Z] Platform:      win32
[debug] [2017-12-27T22:17:51.804Z] Node Version:  v8.9.3
[debug] [2017-12-27T22:17:51.804Z] Time:          Wed Dec 27 2017 23:17:51 GMT+0100 (Romance (standaardtijd))
[debug] [2017-12-27T22:17:51.804Z] ----------------------------------------------------------------------
[debug] 
[debug] [2017-12-27T22:17:51.820Z] > command requires scopes: ["email","openid","https://www.googleapis.com/auth/cloudplatformprojects.readonly","https://www.googleapis.com/auth/firebase"]
[debug] [2017-12-27T22:17:51.820Z] > authorizing via signed-in user
[info] 
     ######## #### ########  ######## ########     ###     ######  ########
     ##        ##  ##     ## ##       ##     ##  ##   ##  ##       ##
     ######    ##  ########  ######   ########  #########  ######  ######
     ##        ##  ##    ##  ##       ##     ## ##     ##       ## ##
     ##       #### ##     ## ######## ########  ##     ##  ######  ########

You're about to initialize a Firebase project in this directory:

  C:\Users\Darleen\Documents\Dev\CoffeeHouse\coffeehouse-app

Before we get started, keep in mind:

  * You are initializing in an existing Firebase project directory

[info] 
=== Project Setup
[info] 
[info] First, let's associate this project directory with a Firebase project.
[info] You can create multiple project aliases by running firebase use --add, 
[info] but for now we'll just set up a default project.
[info] 
[debug] [2017-12-27T22:17:57.546Z] > refreshing access token with scopes: ["email","https://www.googleapis.com/auth/cloudplatformprojects.readonly","https://www.googleapis.com/auth/firebase","openid"]
[debug] [2017-12-27T22:17:57.546Z] >>> HTTP REQUEST POST https://www.googleapis.com/oauth2/v3/token  
 { refresh_token: '1/LJ_1F8pum95k6tZIZbkhopqW8SH0eLH4ahLiA8Og2yI',
  client_id: '563584335869-fgrhgmd47bqnekij5i8b5pr03ho849e6.apps.googleusercontent.com',
  client_secret: 'j9iVZfS8kkCEFUPaAeJV0sAi',
  grant_type: 'refresh_token',
  scope: 'email https://www.googleapis.com/auth/cloudplatformprojects.readonly https://www.googleapis.com/auth/firebase openid' } 
 Wed Dec 27 2017 23:17:57 GMT+0100 (Romance (standaardtijd))
[debug] [2017-12-27T22:17:57.708Z] <<< HTTP RESPONSE 200
[debug] [2017-12-27T22:17:57.708Z] >>> HTTP REQUEST GET https://admin.firebase.com/v1/projects  
  
 Wed Dec 27 2017 23:17:57 GMT+0100 (Romance (standaardtijd))
[debug] [2017-12-27T22:17:58.576Z] <<< HTTP RESPONSE 200
[info] i  .firebaserc already has a default project, skipping
[info] 
=== Functions Setup
[info] 
[info] A functions directory will be created in your project with a Node.js
[info] package pre-configured. Functions can be deployed with firebase deploy.
[info] 
[debug] [2017-12-27T22:17:58.576Z] > command requires scopes: ["email","openid","https://www.googleapis.com/auth/cloudplatformprojects.readonly","https://www.googleapis.com/auth/firebase","https://www.googleapis.com/auth/cloud-platform"]
[debug] [2017-12-27T22:17:58.576Z] > authorizing via signed-in user
[debug] [2017-12-27T22:17:58.576Z] > refreshing access token with scopes: ["email","https://www.googleapis.com/auth/cloud-platform","https://www.googleapis.com/auth/cloudplatformprojects.readonly","https://www.googleapis.com/auth/firebase","openid"]
[debug] [2017-12-27T22:17:58.576Z] >>> HTTP REQUEST POST https://www.googleapis.com/oauth2/v3/token  
 { refresh_token: '1/LJ_1F8pum95k6tZIZbkhopqW8SH0eLH4ahLiA8Og2yI',
  client_id: '563584335869-fgrhgmd47bqnekij5i8b5pr03ho849e6.apps.googleusercontent.com',
  client_secret: 'j9iVZfS8kkCEFUPaAeJV0sAi',
  grant_type: 'refresh_token',
  scope: 'email https://www.googleapis.com/auth/cloud-platform https://www.googleapis.com/auth/cloudplatformprojects.readonly https://www.googleapis.com/auth/firebase openid' } 
 Wed Dec 27 2017 23:17:58 GMT+0100 (Romance (standaardtijd))
[debug] [2017-12-27T22:17:58.692Z] <<< HTTP RESPONSE 200
[debug] [2017-12-27T22:17:58.707Z] >>> HTTP REQUEST GET https://admin.firebase.com/v1/projects/coffeehouse-71001  
  
 Wed Dec 27 2017 23:17:58 GMT+0100 (Romance (standaardtijd))
[debug] [2017-12-27T22:17:59.522Z] <<< HTTP RESPONSE 200
[debug] [2017-12-27T22:17:59.522Z] >>> HTTP REQUEST GET https://admin.firebase.com/v1/database/coffeehouse-71001/tokens  
  
 Wed Dec 27 2017 23:17:59 GMT+0100 (Romance (standaardtijd))
[debug] [2017-12-27T22:18:00.291Z] <<< HTTP RESPONSE 200
[debug] [2017-12-27T22:18:00.291Z] >>> HTTP REQUEST PATCH https://servicemanagement.googleapis.com/v1/services/cloudfunctions.googleapis.com/projectSettings/coffeehouse-71001?updateMask=usageSettings  
 { usageSettings: { consumerEnableStatus: 'ENABLED' } } 
 Wed Dec 27 2017 23:18:00 GMT+0100 (Romance (standaardtijd))
[debug] [2017-12-27T22:18:00.291Z] >>> HTTP REQUEST PATCH https://servicemanagement.googleapis.com/v1/services/runtimeconfig.googleapis.com/projectSettings/coffeehouse-71001?updateMask=usageSettings  
 { usageSettings: { consumerEnableStatus: 'ENABLED' } } 
 Wed Dec 27 2017 23:18:00 GMT+0100 (Romance (standaardtijd))
[debug] [2017-12-27T22:18:02.029Z] <<< HTTP RESPONSE 200
[debug] [2017-12-27T22:18:02.113Z] <<< HTTP RESPONSE 200
[info] +  Wrote functions/package.json
[info] +  Wrote functions/tslint.json
[info] +  Wrote functions/tsconfig.json
[info] +  Wrote functions/src/index.ts
